
> nextn@0.1.0 dev
> next dev --turbopack -p 9002

   ▲ Next.js 15.3.8 (Turbopack)
   - Local:        http://localhost:9002
   - Network:      http://192.168.0.167:9002
   - Environments: .env.local

 ✓ Starting...
Slow filesystem detected. If /Users/momofeichtinger/Projects/Programmieren/studio/.next is a network drive, consider moving it to a local folder. If you have an antivirus enabled, consider excluding your project directory.
 ✓ Ready in 5.4s
 ○ Compiling / ...
 ✓ Compiled / in 16.3s
(node:83990) Warning: `--localstorage-file` was provided without a valid path
(Use `node --trace-warnings ...` to show where the warning was created)
 ⨯ [TypeError: localStorage.getItem is not a function] {
  digest: '2656462734'
}
[TypeError: localStorage.getItem is not a function]
 ⨯ [TypeError: localStorage.getItem is not a function] { page: '/' }
 ○ Compiling /_error ...
 ✓ Compiled /_error in 7.5s
TypeError: localStorage.getItem is not a function
    at new Promise (<anonymous>)
TypeError: localStorage.getItem is not a function
    at new Promise (<anonymous>)
 ⨯ TypeError: localStorage.getItem is not a function
    at new Promise (<anonymous>)
 ⨯ TypeError: localStorage.getItem is not a function
    at new Promise (<anonymous>)
TypeError: localStorage.getItem is not a function
    at new Promise (<anonymous>)
 ⨯ unhandledRejection: TypeError: localStorage.getItem is not a function
    at new Promise (<anonymous>)
 ⨯ unhandledRejection:  TypeError: localStorage.getItem is not a function
    at new Promise (<anonymous>)
TypeError: localStorage.getItem is not a function
    at new Promise (<anonymous>)
TypeError: localStorage.getItem is not a function
    at new Promise (<anonymous>)
 ⨯ TypeError: localStorage.getItem is not a function
    at new Promise (<anonymous>)
[TypeError: localStorage.getItem is not a function] { page: '/' }
TypeError: localStorage.getItem is not a function
    at new Promise (<anonymous>)
 ⨯ unhandledRejection: TypeError: localStorage.getItem is not a function
    at new Promise (<anonymous>)
 ⨯ unhandledRejection:  TypeError: localStorage.getItem is not a function
    at new Promise (<anonymous>)
 HEAD / 500 in 30962ms
 HEAD / 500 in 170ms
 ✓ Compiled in 6.2s
